{"C:\\Users\\Acer\\Desktop\\projects\\backend\\api-devops\\src\\app.ts": {"path":"C:\\Users\\Acer\\Desktop\\projects\\backend\\api-devops\\src\\app.ts","statementMap":{"0":{"start":{"line":52,"column":0},"end":{"line":52,"column":15}},"1":{"start":{"line":1,"column":20},"end":{"line":1,"column":null}},"2":{"start":{"line":2,"column":19},"end":{"line":2,"column":null}},"3":{"start":{"line":3,"column":19},"end":{"line":3,"column":null}},"4":{"start":{"line":5,"column":19},"end":{"line":5,"column":null}},"5":{"start":{"line":6,"column":17},"end":{"line":6,"column":null}},"6":{"start":{"line":7,"column":25},"end":{"line":7,"column":null}},"7":{"start":{"line":8,"column":23},"end":{"line":8,"column":null}},"8":{"start":{"line":9,"column":23},"end":{"line":9,"column":null}},"9":{"start":{"line":10,"column":35},"end":{"line":10,"column":null}},"10":{"start":{"line":12,"column":12},"end":{"line":12,"column":null}},"11":{"start":{"line":14,"column":0},"end":{"line":14,"column":null}},"12":{"start":{"line":15,"column":0},"end":{"line":15,"column":null}},"13":{"start":{"line":17,"column":0},"end":{"line":17,"column":null}},"14":{"start":{"line":18,"column":0},"end":{"line":18,"column":null}},"15":{"start":{"line":20,"column":0},"end":{"line":20,"column":null}},"16":{"start":{"line":22,"column":0},"end":{"line":22,"column":null}},"17":{"start":{"line":24,"column":0},"end":{"line":30,"column":null}},"18":{"start":{"line":25,"column":2},"end":{"line":28,"column":null}},"19":{"start":{"line":27,"column":36},"end":{"line":27,"column":64}},"20":{"start":{"line":32,"column":0},"end":{"line":32,"column":null}},"21":{"start":{"line":33,"column":0},"end":{"line":33,"column":null}},"22":{"start":{"line":35,"column":0},"end":{"line":37,"column":null}},"23":{"start":{"line":36,"column":2},"end":{"line":36,"column":null}},"24":{"start":{"line":39,"column":0},"end":{"line":41,"column":null}},"25":{"start":{"line":40,"column":2},"end":{"line":40,"column":null}},"26":{"start":{"line":43,"column":0},"end":{"line":45,"column":null}},"27":{"start":{"line":44,"column":2},"end":{"line":44,"column":null}},"28":{"start":{"line":47,"column":0},"end":{"line":50,"column":null}},"29":{"start":{"line":48,"column":2},"end":{"line":48,"column":null}},"30":{"start":{"line":49,"column":2},"end":{"line":49,"column":null}},"31":{"start":{"line":52,"column":15},"end":{"line":52,"column":null}}},"fnMap":{"0":{"name":"(anonymous_2)","decl":{"start":{"line":27,"column":23},"end":{"line":27,"column":24}},"loc":{"start":{"line":27,"column":36},"end":{"line":27,"column":64}}},"1":{"name":"(anonymous_3)","decl":{"start":{"line":35,"column":13},"end":{"line":35,"column":14}},"loc":{"start":{"line":35,"column":28},"end":{"line":37,"column":null}}},"2":{"name":"(anonymous_4)","decl":{"start":{"line":39,"column":19},"end":{"line":39,"column":20}},"loc":{"start":{"line":39,"column":34},"end":{"line":41,"column":null}}},"3":{"name":"(anonymous_5)","decl":{"start":{"line":43,"column":23},"end":{"line":43,"column":24}},"loc":{"start":{"line":43,"column":38},"end":{"line":45,"column":null}}},"4":{"name":"(anonymous_6)","decl":{"start":{"line":47,"column":8},"end":{"line":47,"column":9}},"loc":{"start":{"line":47,"column":50},"end":{"line":50,"column":null}}}},"branchMap":{"0":{"loc":{"start":{"line":24,"column":0},"end":{"line":30,"column":null}},"type":"if","locations":[{"start":{"line":24,"column":0},"end":{"line":30,"column":null}},{"start":{},"end":{}}]}},"s":{"0":3,"1":1,"2":1,"3":1,"4":1,"5":1,"6":1,"7":1,"8":1,"9":1,"10":1,"11":1,"12":1,"13":1,"14":1,"15":1,"16":1,"17":1,"18":0,"19":0,"20":1,"21":1,"22":1,"23":1,"24":1,"25":0,"26":1,"27":1,"28":1,"29":0,"30":0,"31":1},"f":{"0":0,"1":1,"2":0,"3":1,"4":0},"b":{"0":[0,1]}}
,"C:\\Users\\Acer\\Desktop\\projects\\backend\\api-devops\\src\\config\\arcjet.ts": {"path":"C:\\Users\\Acer\\Desktop\\projects\\backend\\api-devops\\src\\config\\arcjet.ts","statementMap":{"0":{"start":{"line":19,"column":0},"end":{"line":19,"column":15}},"1":{"start":{"line":1,"column":57},"end":{"line":1,"column":null}},"2":{"start":{"line":3,"column":11},"end":{"line":17,"column":null}},"3":{"start":{"line":19,"column":15},"end":{"line":19,"column":null}}},"fnMap":{},"branchMap":{},"s":{"0":3,"1":1,"2":1,"3":1},"f":{},"b":{}}
,"C:\\Users\\Acer\\Desktop\\projects\\backend\\api-devops\\src\\config\\database.ts": {"path":"C:\\Users\\Acer\\Desktop\\projects\\backend\\api-devops\\src\\config\\database.ts","statementMap":{"0":{"start":{"line":16,"column":9},"end":{"line":16,"column":13}},"1":{"start":{"line":16,"column":13},"end":{"line":16,"column":null}},"2":{"start":{"line":1,"column":7},"end":{"line":1,"column":null}},"3":{"start":{"line":3,"column":33},"end":{"line":3,"column":null}},"4":{"start":{"line":4,"column":24},"end":{"line":4,"column":null}},"5":{"start":{"line":6,"column":0},"end":{"line":10,"column":null}},"6":{"start":{"line":7,"column":2},"end":{"line":7,"column":null}},"7":{"start":{"line":8,"column":2},"end":{"line":8,"column":null}},"8":{"start":{"line":9,"column":2},"end":{"line":9,"column":null}},"9":{"start":{"line":12,"column":12},"end":{"line":12,"column":null}},"10":{"start":{"line":14,"column":11},"end":{"line":14,"column":null}}},"fnMap":{},"branchMap":{"0":{"loc":{"start":{"line":6,"column":0},"end":{"line":10,"column":null}},"type":"if","locations":[{"start":{"line":6,"column":0},"end":{"line":10,"column":null}},{"start":{},"end":{}}]}},"s":{"0":0,"1":0,"2":1,"3":1,"4":1,"5":1,"6":0,"7":0,"8":0,"9":1,"10":1},"f":{},"b":{"0":[0,1]}}
,"C:\\Users\\Acer\\Desktop\\projects\\backend\\api-devops\\src\\config\\logger.ts": {"path":"C:\\Users\\Acer\\Desktop\\projects\\backend\\api-devops\\src\\config\\logger.ts","statementMap":{"0":{"start":{"line":29,"column":0},"end":{"line":29,"column":15}},"1":{"start":{"line":1,"column":20},"end":{"line":1,"column":null}},"2":{"start":{"line":3,"column":15},"end":{"line":16,"column":null}},"3":{"start":{"line":18,"column":0},"end":{"line":27,"column":null}},"4":{"start":{"line":19,"column":2},"end":{"line":25,"column":null}},"5":{"start":{"line":29,"column":15},"end":{"line":29,"column":null}}},"fnMap":{},"branchMap":{"0":{"loc":{"start":{"line":4,"column":9},"end":{"line":4,"column":null}},"type":"binary-expr","locations":[{"start":{"line":4,"column":9},"end":{"line":4,"column":30}},{"start":{"line":4,"column":34},"end":{"line":4,"column":null}}]},"1":{"loc":{"start":{"line":18,"column":0},"end":{"line":27,"column":null}},"type":"if","locations":[{"start":{"line":18,"column":0},"end":{"line":27,"column":null}},{"start":{},"end":{}}]}},"s":{"0":0,"1":1,"2":1,"3":1,"4":1,"5":1},"f":{},"b":{"0":[1,1],"1":[1,0]}}
,"C:\\Users\\Acer\\Desktop\\projects\\backend\\api-devops\\src\\controllers\\auth.controllers.ts": {"path":"C:\\Users\\Acer\\Desktop\\projects\\backend\\api-devops\\src\\controllers\\auth.controllers.ts","statementMap":{"0":{"start":{"line":61,"column":13},"end":{"line":61,"column":21}},"1":{"start":{"line":111,"column":13},"end":{"line":111,"column":22}},"2":{"start":{"line":15,"column":13},"end":{"line":15,"column":22}},"3":{"start":{"line":2,"column":19},"end":{"line":2,"column":null}},"4":{"start":{"line":3,"column":42},"end":{"line":3,"column":null}},"5":{"start":{"line":4,"column":39},"end":{"line":4,"column":null}},"6":{"start":{"line":10,"column":7},"end":{"line":10,"column":null}},"7":{"start":{"line":11,"column":32},"end":{"line":11,"column":null}},"8":{"start":{"line":13,"column":24},"end":{"line":13,"column":null}},"9":{"start":{"line":15,"column":22},"end":{"line":59,"column":null}},"10":{"start":{"line":20,"column":2},"end":{"line":58,"column":null}},"11":{"start":{"line":21,"column":29},"end":{"line":21,"column":null}},"12":{"start":{"line":22,"column":4},"end":{"line":27,"column":null}},"13":{"start":{"line":23,"column":27},"end":{"line":23,"column":null}},"14":{"start":{"line":24,"column":6},"end":{"line":26,"column":null}},"15":{"start":{"line":29,"column":58},"end":{"line":29,"column":79}},"16":{"start":{"line":31,"column":25},"end":{"line":31,"column":null}},"17":{"start":{"line":33,"column":35},"end":{"line":37,"column":null}},"18":{"start":{"line":40,"column":18},"end":{"line":45,"column":null}},"19":{"start":{"line":48,"column":4},"end":{"line":48,"column":null}},"20":{"start":{"line":50,"column":49},"end":{"line":50,"column":null}},"21":{"start":{"line":51,"column":4},"end":{"line":54,"column":null}},"22":{"start":{"line":56,"column":4},"end":{"line":56,"column":null}},"23":{"start":{"line":57,"column":4},"end":{"line":57,"column":null}},"24":{"start":{"line":61,"column":21},"end":{"line":109,"column":null}},"25":{"start":{"line":66,"column":2},"end":{"line":108,"column":null}},"26":{"start":{"line":67,"column":29},"end":{"line":67,"column":null}},"27":{"start":{"line":68,"column":4},"end":{"line":73,"column":null}},"28":{"start":{"line":69,"column":27},"end":{"line":69,"column":null}},"29":{"start":{"line":70,"column":6},"end":{"line":72,"column":null}},"30":{"start":{"line":75,"column":32},"end":{"line":75,"column":53}},"31":{"start":{"line":77,"column":32},"end":{"line":77,"column":null}},"32":{"start":{"line":78,"column":4},"end":{"line":80,"column":null}},"33":{"start":{"line":79,"column":6},"end":{"line":79,"column":null}},"34":{"start":{"line":82,"column":28},"end":{"line":84,"column":null}},"35":{"start":{"line":86,"column":4},"end":{"line":88,"column":null}},"36":{"start":{"line":87,"column":6},"end":{"line":87,"column":null}},"37":{"start":{"line":90,"column":18},"end":{"line":95,"column":null}},"38":{"start":{"line":98,"column":4},"end":{"line":98,"column":null}},"39":{"start":{"line":100,"column":52},"end":{"line":100,"column":null}},"40":{"start":{"line":101,"column":4},"end":{"line":104,"column":null}},"41":{"start":{"line":106,"column":4},"end":{"line":106,"column":null}},"42":{"start":{"line":107,"column":4},"end":{"line":107,"column":null}},"43":{"start":{"line":111,"column":22},"end":{"line":123,"column":null}},"44":{"start":{"line":116,"column":2},"end":{"line":122,"column":null}},"45":{"start":{"line":117,"column":4},"end":{"line":117,"column":null}},"46":{"start":{"line":118,"column":4},"end":{"line":118,"column":null}},"47":{"start":{"line":120,"column":4},"end":{"line":120,"column":null}},"48":{"start":{"line":121,"column":4},"end":{"line":121,"column":null}}},"fnMap":{"0":{"name":"(anonymous_5)","decl":{"start":{"line":15,"column":22},"end":{"line":15,"column":null}},"loc":{"start":{"line":18,"column":2},"end":{"line":59,"column":null}}},"1":{"name":"(anonymous_6)","decl":{"start":{"line":61,"column":21},"end":{"line":61,"column":null}},"loc":{"start":{"line":64,"column":2},"end":{"line":109,"column":null}}},"2":{"name":"(anonymous_7)","decl":{"start":{"line":111,"column":22},"end":{"line":111,"column":null}},"loc":{"start":{"line":114,"column":2},"end":{"line":123,"column":null}}}},"branchMap":{"0":{"loc":{"start":{"line":22,"column":4},"end":{"line":27,"column":null}},"type":"if","locations":[{"start":{"line":22,"column":4},"end":{"line":27,"column":null}},{"start":{},"end":{}}]},"1":{"loc":{"start":{"line":44,"column":19},"end":{"line":44,"column":null}},"type":"binary-expr","locations":[{"start":{"line":44,"column":19},"end":{"line":44,"column":45}},{"start":{"line":44,"column":49},"end":{"line":44,"column":null}}]},"2":{"loc":{"start":{"line":68,"column":4},"end":{"line":73,"column":null}},"type":"if","locations":[{"start":{"line":68,"column":4},"end":{"line":73,"column":null}},{"start":{},"end":{}}]},"3":{"loc":{"start":{"line":78,"column":4},"end":{"line":80,"column":null}},"type":"if","locations":[{"start":{"line":78,"column":4},"end":{"line":80,"column":null}},{"start":{},"end":{}}]},"4":{"loc":{"start":{"line":84,"column":6},"end":{"line":84,"column":null}},"type":"binary-expr","locations":[{"start":{"line":84,"column":6},"end":{"line":84,"column":24}},{"start":{"line":84,"column":24},"end":{"line":84,"column":null}}]},"5":{"loc":{"start":{"line":86,"column":4},"end":{"line":88,"column":null}},"type":"if","locations":[{"start":{"line":86,"column":4},"end":{"line":88,"column":null}},{"start":{},"end":{}}]},"6":{"loc":{"start":{"line":94,"column":19},"end":{"line":94,"column":null}},"type":"binary-expr","locations":[{"start":{"line":94,"column":19},"end":{"line":94,"column":45}},{"start":{"line":94,"column":49},"end":{"line":94,"column":null}}]}},"s":{"0":1,"1":1,"2":1,"3":1,"4":1,"5":1,"6":1,"7":1,"8":1,"9":1,"10":0,"11":0,"12":0,"13":0,"14":0,"15":0,"16":0,"17":0,"18":0,"19":0,"20":0,"21":0,"22":0,"23":0,"24":1,"25":0,"26":0,"27":0,"28":0,"29":0,"30":0,"31":0,"32":0,"33":0,"34":0,"35":0,"36":0,"37":0,"38":0,"39":0,"40":0,"41":0,"42":0,"43":1,"44":0,"45":0,"46":0,"47":0,"48":0},"f":{"0":0,"1":0,"2":0},"b":{"0":[0,0],"1":[0,0],"2":[0,0],"3":[0,0],"4":[0,0],"5":[0,0],"6":[0,0]}}
,"C:\\Users\\Acer\\Desktop\\projects\\backend\\api-devops\\src\\controllers\\user.controllers.ts": {"path":"C:\\Users\\Acer\\Desktop\\projects\\backend\\api-devops\\src\\controllers\\user.controllers.ts","statementMap":{"0":{"start":{"line":78,"column":13},"end":{"line":78,"column":26}},"1":{"start":{"line":7,"column":13},"end":{"line":7,"column":27}},"2":{"start":{"line":21,"column":13},"end":{"line":21,"column":27}},"3":{"start":{"line":44,"column":13},"end":{"line":44,"column":26}},"4":{"start":{"line":2,"column":19},"end":{"line":2,"column":null}},"5":{"start":{"line":3,"column":33},"end":{"line":3,"column":null}},"6":{"start":{"line":4,"column":39},"end":{"line":4,"column":null}},"7":{"start":{"line":5,"column":29},"end":{"line":5,"column":null}},"8":{"start":{"line":7,"column":27},"end":{"line":19,"column":null}},"9":{"start":{"line":12,"column":2},"end":{"line":18,"column":null}},"10":{"start":{"line":13,"column":18},"end":{"line":13,"column":null}},"11":{"start":{"line":14,"column":4},"end":{"line":14,"column":null}},"12":{"start":{"line":16,"column":4},"end":{"line":16,"column":null}},"13":{"start":{"line":17,"column":4},"end":{"line":17,"column":null}},"14":{"start":{"line":21,"column":27},"end":{"line":42,"column":null}},"15":{"start":{"line":26,"column":2},"end":{"line":41,"column":null}},"16":{"start":{"line":27,"column":15},"end":{"line":27,"column":null}},"17":{"start":{"line":28,"column":4},"end":{"line":30,"column":null}},"18":{"start":{"line":29,"column":6},"end":{"line":29,"column":null}},"19":{"start":{"line":32,"column":17},"end":{"line":32,"column":null}},"20":{"start":{"line":33,"column":4},"end":{"line":35,"column":null}},"21":{"start":{"line":34,"column":6},"end":{"line":34,"column":null}},"22":{"start":{"line":37,"column":4},"end":{"line":37,"column":null}},"23":{"start":{"line":39,"column":4},"end":{"line":39,"column":null}},"24":{"start":{"line":40,"column":4},"end":{"line":40,"column":null}},"25":{"start":{"line":44,"column":26},"end":{"line":76,"column":null}},"26":{"start":{"line":49,"column":2},"end":{"line":75,"column":null}},"27":{"start":{"line":50,"column":15},"end":{"line":50,"column":null}},"28":{"start":{"line":51,"column":4},"end":{"line":53,"column":null}},"29":{"start":{"line":52,"column":6},"end":{"line":52,"column":null}},"30":{"start":{"line":55,"column":29},"end":{"line":55,"column":null}},"31":{"start":{"line":56,"column":4},"end":{"line":61,"column":null}},"32":{"start":{"line":57,"column":27},"end":{"line":57,"column":null}},"33":{"start":{"line":58,"column":6},"end":{"line":60,"column":null}},"34":{"start":{"line":63,"column":21},"end":{"line":63,"column":null}},"35":{"start":{"line":64,"column":4},"end":{"line":66,"column":null}},"36":{"start":{"line":65,"column":6},"end":{"line":65,"column":null}},"37":{"start":{"line":68,"column":20},"end":{"line":68,"column":null}},"38":{"start":{"line":69,"column":4},"end":{"line":71,"column":null}},"39":{"start":{"line":73,"column":4},"end":{"line":73,"column":null}},"40":{"start":{"line":74,"column":4},"end":{"line":74,"column":null}},"41":{"start":{"line":78,"column":26},"end":{"line":101,"column":null}},"42":{"start":{"line":83,"column":2},"end":{"line":100,"column":null}},"43":{"start":{"line":84,"column":15},"end":{"line":84,"column":null}},"44":{"start":{"line":85,"column":4},"end":{"line":87,"column":null}},"45":{"start":{"line":86,"column":6},"end":{"line":86,"column":null}},"46":{"start":{"line":89,"column":20},"end":{"line":89,"column":null}},"47":{"start":{"line":90,"column":4},"end":{"line":92,"column":null}},"48":{"start":{"line":91,"column":6},"end":{"line":91,"column":null}},"49":{"start":{"line":94,"column":4},"end":{"line":96,"column":null}},"50":{"start":{"line":98,"column":4},"end":{"line":98,"column":null}},"51":{"start":{"line":99,"column":4},"end":{"line":99,"column":null}}},"fnMap":{"0":{"name":"(anonymous_9)","decl":{"start":{"line":7,"column":27},"end":{"line":7,"column":null}},"loc":{"start":{"line":10,"column":2},"end":{"line":19,"column":null}}},"1":{"name":"(anonymous_10)","decl":{"start":{"line":21,"column":27},"end":{"line":21,"column":null}},"loc":{"start":{"line":24,"column":2},"end":{"line":42,"column":null}}},"2":{"name":"(anonymous_11)","decl":{"start":{"line":44,"column":26},"end":{"line":44,"column":null}},"loc":{"start":{"line":47,"column":2},"end":{"line":76,"column":null}}},"3":{"name":"(anonymous_12)","decl":{"start":{"line":78,"column":26},"end":{"line":78,"column":null}},"loc":{"start":{"line":81,"column":2},"end":{"line":101,"column":null}}}},"branchMap":{"0":{"loc":{"start":{"line":28,"column":4},"end":{"line":30,"column":null}},"type":"if","locations":[{"start":{"line":28,"column":4},"end":{"line":30,"column":null}},{"start":{},"end":{}}]},"1":{"loc":{"start":{"line":33,"column":4},"end":{"line":35,"column":null}},"type":"if","locations":[{"start":{"line":33,"column":4},"end":{"line":35,"column":null}},{"start":{},"end":{}}]},"2":{"loc":{"start":{"line":51,"column":4},"end":{"line":53,"column":null}},"type":"if","locations":[{"start":{"line":51,"column":4},"end":{"line":53,"column":null}},{"start":{},"end":{}}]},"3":{"loc":{"start":{"line":56,"column":4},"end":{"line":61,"column":null}},"type":"if","locations":[{"start":{"line":56,"column":4},"end":{"line":61,"column":null}},{"start":{},"end":{}}]},"4":{"loc":{"start":{"line":64,"column":4},"end":{"line":66,"column":null}},"type":"if","locations":[{"start":{"line":64,"column":4},"end":{"line":66,"column":null}},{"start":{},"end":{}}]},"5":{"loc":{"start":{"line":85,"column":4},"end":{"line":87,"column":null}},"type":"if","locations":[{"start":{"line":85,"column":4},"end":{"line":87,"column":null}},{"start":{},"end":{}}]},"6":{"loc":{"start":{"line":90,"column":4},"end":{"line":92,"column":null}},"type":"if","locations":[{"start":{"line":90,"column":4},"end":{"line":92,"column":null}},{"start":{},"end":{}}]}},"s":{"0":1,"1":1,"2":1,"3":1,"4":1,"5":1,"6":1,"7":1,"8":1,"9":0,"10":0,"11":0,"12":0,"13":0,"14":1,"15":0,"16":0,"17":0,"18":0,"19":0,"20":0,"21":0,"22":0,"23":0,"24":0,"25":1,"26":0,"27":0,"28":0,"29":0,"30":0,"31":0,"32":0,"33":0,"34":0,"35":0,"36":0,"37":0,"38":0,"39":0,"40":0,"41":1,"42":0,"43":0,"44":0,"45":0,"46":0,"47":0,"48":0,"49":0,"50":0,"51":0},"f":{"0":0,"1":0,"2":0,"3":0},"b":{"0":[0,0],"1":[0,0],"2":[0,0],"3":[0,0],"4":[0,0],"5":[0,0],"6":[0,0]}}
,"C:\\Users\\Acer\\Desktop\\projects\\backend\\api-devops\\src\\middleware\\security.middleware.ts": {"path":"C:\\Users\\Acer\\Desktop\\projects\\backend\\api-devops\\src\\middleware\\security.middleware.ts","statementMap":{"0":{"start":{"line":12,"column":13},"end":{"line":12,"column":34}},"1":{"start":{"line":1,"column":30},"end":{"line":1,"column":null}},"2":{"start":{"line":2,"column":15},"end":{"line":2,"column":null}},"3":{"start":{"line":4,"column":19},"end":{"line":4,"column":null}},"4":{"start":{"line":12,"column":34},"end":{"line":71,"column":null}},"5":{"start":{"line":17,"column":2},"end":{"line":70,"column":null}},"6":{"start":{"line":18,"column":17},"end":{"line":18,"column":null}},"7":{"start":{"line":23,"column":4},"end":{"line":35,"column":null}},"8":{"start":{"line":25,"column":8},"end":{"line":25,"column":null}},"9":{"start":{"line":26,"column":8},"end":{"line":26,"column":null}},"10":{"start":{"line":27,"column":8},"end":{"line":27,"column":null}},"11":{"start":{"line":29,"column":8},"end":{"line":29,"column":null}},"12":{"start":{"line":30,"column":8},"end":{"line":30,"column":null}},"13":{"start":{"line":31,"column":8},"end":{"line":31,"column":null}},"14":{"start":{"line":33,"column":8},"end":{"line":33,"column":null}},"15":{"start":{"line":34,"column":8},"end":{"line":34,"column":null}},"16":{"start":{"line":37,"column":19},"end":{"line":38,"column":null}},"17":{"start":{"line":41,"column":21},"end":{"line":41,"column":null}},"18":{"start":{"line":43,"column":4},"end":{"line":48,"column":null}},"19":{"start":{"line":44,"column":6},"end":{"line":45,"column":null}},"20":{"start":{"line":47,"column":6},"end":{"line":47,"column":null}},"21":{"start":{"line":50,"column":4},"end":{"line":55,"column":null}},"22":{"start":{"line":51,"column":6},"end":{"line":52,"column":null}},"23":{"start":{"line":54,"column":6},"end":{"line":54,"column":null}},"24":{"start":{"line":57,"column":4},"end":{"line":64,"column":null}},"25":{"start":{"line":58,"column":6},"end":{"line":59,"column":null}},"26":{"start":{"line":61,"column":6},"end":{"line":63,"column":null}},"27":{"start":{"line":66,"column":4},"end":{"line":66,"column":null}},"28":{"start":{"line":68,"column":4},"end":{"line":68,"column":null}},"29":{"start":{"line":69,"column":4},"end":{"line":69,"column":null}}},"fnMap":{"0":{"name":"(anonymous_2)","decl":{"start":{"line":12,"column":34},"end":{"line":12,"column":null}},"loc":{"start":{"line":15,"column":2},"end":{"line":71,"column":null}}}},"branchMap":{"0":{"loc":{"start":{"line":23,"column":4},"end":{"line":35,"column":null}},"type":"switch","locations":[{"start":{"line":24,"column":6},"end":{"line":27,"column":null}},{"start":{"line":28,"column":6},"end":{"line":31,"column":null}},{"start":{"line":32,"column":6},"end":{"line":34,"column":null}}]},"1":{"loc":{"start":{"line":43,"column":4},"end":{"line":48,"column":null}},"type":"if","locations":[{"start":{"line":43,"column":4},"end":{"line":48,"column":null}},{"start":{},"end":{}}]},"2":{"loc":{"start":{"line":43,"column":8},"end":{"line":43,"column":56}},"type":"binary-expr","locations":[{"start":{"line":43,"column":8},"end":{"line":43,"column":31}},{"start":{"line":43,"column":31},"end":{"line":43,"column":56}}]},"3":{"loc":{"start":{"line":50,"column":4},"end":{"line":55,"column":null}},"type":"if","locations":[{"start":{"line":50,"column":4},"end":{"line":55,"column":null}},{"start":{},"end":{}}]},"4":{"loc":{"start":{"line":50,"column":8},"end":{"line":50,"column":62}},"type":"binary-expr","locations":[{"start":{"line":50,"column":8},"end":{"line":50,"column":31}},{"start":{"line":50,"column":31},"end":{"line":50,"column":62}}]},"5":{"loc":{"start":{"line":57,"column":4},"end":{"line":64,"column":null}},"type":"if","locations":[{"start":{"line":57,"column":4},"end":{"line":64,"column":null}},{"start":{},"end":{}}]},"6":{"loc":{"start":{"line":57,"column":8},"end":{"line":57,"column":59}},"type":"binary-expr","locations":[{"start":{"line":57,"column":8},"end":{"line":57,"column":31}},{"start":{"line":57,"column":31},"end":{"line":57,"column":59}}]}},"s":{"0":1,"1":1,"2":1,"3":1,"4":1,"5":3,"6":3,"7":3,"8":0,"9":0,"10":0,"11":0,"12":0,"13":0,"14":3,"15":3,"16":3,"17":3,"18":3,"19":0,"20":0,"21":3,"22":0,"23":0,"24":3,"25":0,"26":0,"27":3,"28":0,"29":0},"f":{"0":3},"b":{"0":[0,0,3],"1":[0,3],"2":[3,0],"3":[0,3],"4":[3,0],"5":[0,3],"6":[3,0]}}
,"C:\\Users\\Acer\\Desktop\\projects\\backend\\api-devops\\src\\models\\user.model.ts": {"path":"C:\\Users\\Acer\\Desktop\\projects\\backend\\api-devops\\src\\models\\user.model.ts","statementMap":{"0":{"start":{"line":3,"column":13},"end":{"line":3,"column":21}},"1":{"start":{"line":1,"column":52},"end":{"line":1,"column":null}},"2":{"start":{"line":3,"column":21},"end":{"line":11,"column":null}}},"fnMap":{},"branchMap":{},"s":{"0":0,"1":1,"2":1},"f":{},"b":{}}
,"C:\\Users\\Acer\\Desktop\\projects\\backend\\api-devops\\src\\routes\\auth.routes.ts": {"path":"C:\\Users\\Acer\\Desktop\\projects\\backend\\api-devops\\src\\routes\\auth.routes.ts","statementMap":{"0":{"start":{"line":10,"column":0},"end":{"line":10,"column":15}},"1":{"start":{"line":1,"column":20},"end":{"line":1,"column":null}},"2":{"start":{"line":2,"column":38},"end":{"line":2,"column":null}},"3":{"start":{"line":4,"column":15},"end":{"line":4,"column":null}},"4":{"start":{"line":6,"column":0},"end":{"line":6,"column":null}},"5":{"start":{"line":7,"column":0},"end":{"line":7,"column":null}},"6":{"start":{"line":8,"column":0},"end":{"line":8,"column":null}},"7":{"start":{"line":10,"column":15},"end":{"line":10,"column":null}}},"fnMap":{},"branchMap":{},"s":{"0":1,"1":1,"2":1,"3":1,"4":1,"5":1,"6":1,"7":1},"f":{},"b":{}}
,"C:\\Users\\Acer\\Desktop\\projects\\backend\\api-devops\\src\\routes\\user.routes.ts": {"path":"C:\\Users\\Acer\\Desktop\\projects\\backend\\api-devops\\src\\routes\\user.routes.ts","statementMap":{"0":{"start":{"line":16,"column":0},"end":{"line":16,"column":15}},"1":{"start":{"line":1,"column":20},"end":{"line":1,"column":null}},"2":{"start":{"line":7,"column":7},"end":{"line":7,"column":null}},"3":{"start":{"line":9,"column":15},"end":{"line":9,"column":null}},"4":{"start":{"line":11,"column":0},"end":{"line":11,"column":null}},"5":{"start":{"line":12,"column":0},"end":{"line":12,"column":null}},"6":{"start":{"line":13,"column":0},"end":{"line":13,"column":null}},"7":{"start":{"line":14,"column":0},"end":{"line":14,"column":null}},"8":{"start":{"line":16,"column":15},"end":{"line":16,"column":null}}},"fnMap":{},"branchMap":{},"s":{"0":1,"1":1,"2":1,"3":1,"4":1,"5":1,"6":1,"7":1,"8":1},"f":{},"b":{}}
,"C:\\Users\\Acer\\Desktop\\projects\\backend\\api-devops\\src\\services\\auth.service.ts": {"path":"C:\\Users\\Acer\\Desktop\\projects\\backend\\api-devops\\src\\services\\auth.service.ts","statementMap":{"0":{"start":{"line":18,"column":13},"end":{"line":18,"column":32}},"1":{"start":{"line":47,"column":13},"end":{"line":47,"column":26}},"2":{"start":{"line":31,"column":13},"end":{"line":31,"column":31}},"3":{"start":{"line":7,"column":13},"end":{"line":7,"column":28}},"4":{"start":{"line":1,"column":19},"end":{"line":1,"column":null}},"5":{"start":{"line":2,"column":19},"end":{"line":2,"column":null}},"6":{"start":{"line":3,"column":19},"end":{"line":3,"column":null}},"7":{"start":{"line":4,"column":22},"end":{"line":4,"column":null}},"8":{"start":{"line":5,"column":19},"end":{"line":5,"column":null}},"9":{"start":{"line":7,"column":28},"end":{"line":16,"column":null}},"10":{"start":{"line":8,"column":2},"end":{"line":15,"column":null}},"11":{"start":{"line":9,"column":23},"end":{"line":9,"column":null}},"12":{"start":{"line":10,"column":17},"end":{"line":10,"column":null}},"13":{"start":{"line":11,"column":4},"end":{"line":11,"column":null}},"14":{"start":{"line":13,"column":4},"end":{"line":13,"column":null}},"15":{"start":{"line":14,"column":4},"end":{"line":14,"column":null}},"16":{"start":{"line":18,"column":32},"end":{"line":29,"column":null}},"17":{"start":{"line":22,"column":2},"end":{"line":28,"column":null}},"18":{"start":{"line":23,"column":18},"end":{"line":23,"column":null}},"19":{"start":{"line":24,"column":4},"end":{"line":24,"column":null}},"20":{"start":{"line":26,"column":4},"end":{"line":26,"column":null}},"21":{"start":{"line":27,"column":4},"end":{"line":27,"column":null}},"22":{"start":{"line":31,"column":31},"end":{"line":45,"column":null}},"23":{"start":{"line":34,"column":2},"end":{"line":44,"column":null}},"24":{"start":{"line":35,"column":17},"end":{"line":39,"column":null}},"25":{"start":{"line":40,"column":4},"end":{"line":40,"column":null}},"26":{"start":{"line":42,"column":4},"end":{"line":42,"column":null}},"27":{"start":{"line":43,"column":4},"end":{"line":43,"column":null}},"28":{"start":{"line":47,"column":26},"end":{"line":84,"column":null}},"29":{"start":{"line":53,"column":2},"end":{"line":83,"column":null}},"30":{"start":{"line":54,"column":25},"end":{"line":58,"column":null}},"31":{"start":{"line":59,"column":4},"end":{"line":61,"column":null}},"32":{"start":{"line":60,"column":6},"end":{"line":60,"column":null}},"33":{"start":{"line":63,"column":19},"end":{"line":77,"column":null}},"34":{"start":{"line":78,"column":4},"end":{"line":78,"column":null}},"35":{"start":{"line":79,"column":4},"end":{"line":79,"column":null}},"36":{"start":{"line":81,"column":4},"end":{"line":81,"column":null}},"37":{"start":{"line":82,"column":4},"end":{"line":82,"column":null}}},"fnMap":{"0":{"name":"(anonymous_6)","decl":{"start":{"line":7,"column":28},"end":{"line":7,"column":35}},"loc":{"start":{"line":7,"column":35},"end":{"line":16,"column":null}}},"1":{"name":"(anonymous_7)","decl":{"start":{"line":18,"column":32},"end":{"line":18,"column":null}},"loc":{"start":{"line":20,"column":2},"end":{"line":29,"column":null}}},"2":{"name":"(anonymous_8)","decl":{"start":{"line":31,"column":31},"end":{"line":31,"column":null}},"loc":{"start":{"line":32,"column":2},"end":{"line":45,"column":null}}},"3":{"name":"(anonymous_9)","decl":{"start":{"line":47,"column":26},"end":{"line":47,"column":null}},"loc":{"start":{"line":51,"column":2},"end":{"line":84,"column":null}}}},"branchMap":{"0":{"loc":{"start":{"line":59,"column":4},"end":{"line":61,"column":null}},"type":"if","locations":[{"start":{"line":59,"column":4},"end":{"line":61,"column":null}},{"start":{},"end":{}}]}},"s":{"0":0,"1":0,"2":0,"3":0,"4":1,"5":1,"6":1,"7":1,"8":1,"9":1,"10":0,"11":0,"12":0,"13":0,"14":0,"15":0,"16":1,"17":0,"18":0,"19":0,"20":0,"21":0,"22":1,"23":0,"24":0,"25":0,"26":0,"27":0,"28":1,"29":0,"30":0,"31":0,"32":0,"33":0,"34":0,"35":0,"36":0,"37":0},"f":{"0":0,"1":0,"2":0,"3":0},"b":{"0":[0,0]}}
,"C:\\Users\\Acer\\Desktop\\projects\\backend\\api-devops\\src\\services\\user.services.ts": {"path":"C:\\Users\\Acer\\Desktop\\projects\\backend\\api-devops\\src\\services\\user.services.ts","statementMap":{"0":{"start":{"line":73,"column":13},"end":{"line":73,"column":26}},"1":{"start":{"line":6,"column":13},"end":{"line":6,"column":27}},"2":{"start":{"line":26,"column":13},"end":{"line":26,"column":27}},"3":{"start":{"line":48,"column":13},"end":{"line":48,"column":26}},"4":{"start":{"line":1,"column":19},"end":{"line":1,"column":null}},"5":{"start":{"line":2,"column":19},"end":{"line":2,"column":null}},"6":{"start":{"line":3,"column":22},"end":{"line":3,"column":null}},"7":{"start":{"line":4,"column":19},"end":{"line":4,"column":null}},"8":{"start":{"line":6,"column":27},"end":{"line":24,"column":null}},"9":{"start":{"line":7,"column":2},"end":{"line":23,"column":null}},"10":{"start":{"line":8,"column":21},"end":{"line":17,"column":null}},"11":{"start":{"line":19,"column":4},"end":{"line":19,"column":null}},"12":{"start":{"line":21,"column":4},"end":{"line":21,"column":null}},"13":{"start":{"line":22,"column":4},"end":{"line":22,"column":null}},"14":{"start":{"line":26,"column":27},"end":{"line":46,"column":null}},"15":{"start":{"line":27,"column":2},"end":{"line":45,"column":null}},"16":{"start":{"line":28,"column":19},"end":{"line":39,"column":null}},"17":{"start":{"line":41,"column":4},"end":{"line":41,"column":null}},"18":{"start":{"line":43,"column":4},"end":{"line":43,"column":null}},"19":{"start":{"line":44,"column":4},"end":{"line":44,"column":null}},"20":{"start":{"line":48,"column":26},"end":{"line":71,"column":null}},"21":{"start":{"line":52,"column":2},"end":{"line":70,"column":null}},"22":{"start":{"line":53,"column":22},"end":{"line":64,"column":null}},"23":{"start":{"line":66,"column":4},"end":{"line":66,"column":null}},"24":{"start":{"line":68,"column":4},"end":{"line":68,"column":null}},"25":{"start":{"line":69,"column":4},"end":{"line":69,"column":null}},"26":{"start":{"line":73,"column":26},"end":{"line":86,"column":null}},"27":{"start":{"line":74,"column":2},"end":{"line":85,"column":null}},"28":{"start":{"line":75,"column":22},"end":{"line":79,"column":null}},"29":{"start":{"line":81,"column":4},"end":{"line":81,"column":null}},"30":{"start":{"line":83,"column":4},"end":{"line":83,"column":null}},"31":{"start":{"line":84,"column":4},"end":{"line":84,"column":null}}},"fnMap":{"0":{"name":"(anonymous_6)","decl":{"start":{"line":6,"column":27},"end":{"line":6,"column":null}},"loc":{"start":{"line":6,"column":27},"end":{"line":24,"column":null}}},"1":{"name":"(anonymous_7)","decl":{"start":{"line":26,"column":27},"end":{"line":26,"column":34}},"loc":{"start":{"line":26,"column":34},"end":{"line":46,"column":null}}},"2":{"name":"(anonymous_8)","decl":{"start":{"line":48,"column":26},"end":{"line":48,"column":null}},"loc":{"start":{"line":50,"column":2},"end":{"line":71,"column":null}}},"3":{"name":"(anonymous_9)","decl":{"start":{"line":73,"column":26},"end":{"line":73,"column":33}},"loc":{"start":{"line":73,"column":33},"end":{"line":86,"column":null}}}},"branchMap":{"0":{"loc":{"start":{"line":41,"column":11},"end":{"line":41,"column":null}},"type":"binary-expr","locations":[{"start":{"line":41,"column":11},"end":{"line":41,"column":19}},{"start":{"line":41,"column":19},"end":{"line":41,"column":null}}]},"1":{"loc":{"start":{"line":66,"column":11},"end":{"line":66,"column":null}},"type":"binary-expr","locations":[{"start":{"line":66,"column":11},"end":{"line":66,"column":22}},{"start":{"line":66,"column":22},"end":{"line":66,"column":null}}]},"2":{"loc":{"start":{"line":81,"column":11},"end":{"line":81,"column":null}},"type":"binary-expr","locations":[{"start":{"line":81,"column":11},"end":{"line":81,"column":22}},{"start":{"line":81,"column":22},"end":{"line":81,"column":null}}]}},"s":{"0":0,"1":0,"2":0,"3":0,"4":1,"5":1,"6":1,"7":1,"8":1,"9":0,"10":0,"11":0,"12":0,"13":0,"14":1,"15":0,"16":0,"17":0,"18":0,"19":0,"20":1,"21":0,"22":0,"23":0,"24":0,"25":0,"26":1,"27":0,"28":0,"29":0,"30":0,"31":0},"f":{"0":0,"1":0,"2":0,"3":0},"b":{"0":[0,0],"1":[0,0],"2":[0,0]}}
,"C:\\Users\\Acer\\Desktop\\projects\\backend\\api-devops\\src\\utils\\cookies.ts": {"path":"C:\\Users\\Acer\\Desktop\\projects\\backend\\api-devops\\src\\utils\\cookies.ts","statementMap":{"0":{"start":{"line":3,"column":13},"end":{"line":3,"column":23}},"1":{"start":{"line":3,"column":23},"end":{"line":22,"column":null}},"2":{"start":{"line":4,"column":21},"end":{"line":9,"column":null}},"3":{"start":{"line":12,"column":4},"end":{"line":12,"column":null}},"4":{"start":{"line":16,"column":4},"end":{"line":16,"column":null}},"5":{"start":{"line":20,"column":4},"end":{"line":20,"column":null}}},"fnMap":{"0":{"name":"(anonymous_1)","decl":{"start":{"line":4,"column":14},"end":{"line":4,"column":21}},"loc":{"start":{"line":4,"column":21},"end":{"line":9,"column":null}}},"1":{"name":"(anonymous_2)","decl":{"start":{"line":11,"column":2},"end":{"line":11,"column":6}},"loc":{"start":{"line":11,"column":70},"end":{"line":13,"column":null}}},"2":{"name":"(anonymous_3)","decl":{"start":{"line":15,"column":2},"end":{"line":15,"column":8}},"loc":{"start":{"line":15,"column":35},"end":{"line":17,"column":null}}},"3":{"name":"(anonymous_4)","decl":{"start":{"line":19,"column":2},"end":{"line":19,"column":6}},"loc":{"start":{"line":19,"column":28},"end":{"line":21,"column":null}}}},"branchMap":{"0":{"loc":{"start":{"line":11,"column":50},"end":{"line":11,"column":70}},"type":"default-arg","locations":[{"start":{"line":11,"column":68},"end":{"line":11,"column":70}}]}},"s":{"0":0,"1":1,"2":0,"3":0,"4":0,"5":0},"f":{"0":0,"1":0,"2":0,"3":0},"b":{"0":[0]}}
,"C:\\Users\\Acer\\Desktop\\projects\\backend\\api-devops\\src\\utils\\format.ts": {"path":"C:\\Users\\Acer\\Desktop\\projects\\backend\\api-devops\\src\\utils\\format.ts","statementMap":{"0":{"start":{"line":1,"column":13},"end":{"line":1,"column":38}},"1":{"start":{"line":1,"column":38},"end":{"line":14,"column":null}},"2":{"start":{"line":2,"column":2},"end":{"line":2,"column":null}},"3":{"start":{"line":2,"column":33},"end":{"line":2,"column":null}},"4":{"start":{"line":4,"column":2},"end":{"line":11,"column":null}},"5":{"start":{"line":5,"column":4},"end":{"line":10,"column":null}},"6":{"start":{"line":7,"column":21},"end":{"line":7,"column":null}},"7":{"start":{"line":8,"column":8},"end":{"line":8,"column":null}},"8":{"start":{"line":13,"column":2},"end":{"line":13,"column":null}}},"fnMap":{"0":{"name":"(anonymous_1)","decl":{"start":{"line":1,"column":38},"end":{"line":1,"column":39}},"loc":{"start":{"line":1,"column":39},"end":{"line":14,"column":null}}},"1":{"name":"(anonymous_2)","decl":{"start":{"line":6,"column":11},"end":{"line":6,"column":12}},"loc":{"start":{"line":6,"column":12},"end":{"line":9,"column":null}}}},"branchMap":{"0":{"loc":{"start":{"line":2,"column":2},"end":{"line":2,"column":null}},"type":"if","locations":[{"start":{"line":2,"column":2},"end":{"line":2,"column":null}},{"start":{},"end":{}}]},"1":{"loc":{"start":{"line":2,"column":6},"end":{"line":2,"column":31}},"type":"binary-expr","locations":[{"start":{"line":2,"column":6},"end":{"line":2,"column":17}},{"start":{"line":2,"column":17},"end":{"line":2,"column":31}}]},"2":{"loc":{"start":{"line":4,"column":2},"end":{"line":11,"column":null}},"type":"if","locations":[{"start":{"line":4,"column":2},"end":{"line":11,"column":null}},{"start":{},"end":{}}]}},"s":{"0":0,"1":1,"2":0,"3":0,"4":0,"5":0,"6":0,"7":0,"8":0},"f":{"0":0,"1":0},"b":{"0":[0,0],"1":[0,0],"2":[0,0]}}
,"C:\\Users\\Acer\\Desktop\\projects\\backend\\api-devops\\src\\validations\\auth.validation.ts": {"path":"C:\\Users\\Acer\\Desktop\\projects\\backend\\api-devops\\src\\validations\\auth.validation.ts","statementMap":{"0":{"start":{"line":13,"column":13},"end":{"line":13,"column":27}},"1":{"start":{"line":3,"column":13},"end":{"line":3,"column":28}},"2":{"start":{"line":1,"column":18},"end":{"line":1,"column":null}},"3":{"start":{"line":3,"column":28},"end":{"line":11,"column":null}},"4":{"start":{"line":13,"column":27},"end":{"line":16,"column":null}}},"fnMap":{},"branchMap":{},"s":{"0":0,"1":0,"2":1,"3":1,"4":1},"f":{},"b":{}}
,"C:\\Users\\Acer\\Desktop\\projects\\backend\\api-devops\\src\\validations\\user.validation.ts": {"path":"C:\\Users\\Acer\\Desktop\\projects\\backend\\api-devops\\src\\validations\\user.validation.ts","statementMap":{"0":{"start":{"line":3,"column":13},"end":{"line":3,"column":32}},"1":{"start":{"line":1,"column":18},"end":{"line":1,"column":null}},"2":{"start":{"line":3,"column":32},"end":{"line":7,"column":null}}},"fnMap":{},"branchMap":{},"s":{"0":0,"1":1,"2":1},"f":{},"b":{}}
}
