TN:
SF:src\app.ts
FN:27,(anonymous_2)
FN:35,(anonymous_3)
FN:39,(anonymous_4)
FN:43,(anonymous_5)
FN:47,(anonymous_6)
FNF:5
FNH:2
FNDA:0,(anonymous_2)
FNDA:1,(anonymous_3)
FNDA:0,(anonymous_4)
FNDA:1,(anonymous_5)
FNDA:0,(anonymous_6)
DA:1,1
DA:2,1
DA:3,1
DA:5,1
DA:6,1
DA:7,1
DA:8,1
DA:9,1
DA:10,1
DA:12,1
DA:14,1
DA:15,1
DA:17,1
DA:18,1
DA:20,1
DA:22,1
DA:24,1
DA:25,0
DA:27,0
DA:32,1
DA:33,1
DA:35,1
DA:36,1
DA:39,1
DA:40,0
DA:43,1
DA:44,1
DA:47,1
DA:48,0
DA:49,0
DA:52,3
LF:31
LH:26
BRDA:24,0,0,0
BRDA:24,0,1,1
BRF:2
BRH:1
end_of_record
TN:
SF:src\config\arcjet.ts
FNF:0
FNH:0
DA:1,1
DA:3,1
DA:19,3
LF:3
LH:3
BRF:0
BRH:0
end_of_record
TN:
SF:src\config\database.ts
FNF:0
FNH:0
DA:1,1
DA:3,1
DA:4,1
DA:6,1
DA:7,0
DA:8,0
DA:9,0
DA:12,1
DA:14,1
DA:16,0
LF:10
LH:6
BRDA:6,0,0,0
BRDA:6,0,1,1
BRF:2
BRH:1
end_of_record
TN:
SF:src\config\logger.ts
FNF:0
FNH:0
DA:1,1
DA:3,1
DA:18,1
DA:19,1
DA:29,1
LF:5
LH:5
BRDA:4,0,0,1
BRDA:4,0,1,1
BRDA:18,1,0,1
BRDA:18,1,1,0
BRF:4
BRH:3
end_of_record
TN:
SF:src\controllers\auth.controllers.ts
FN:15,(anonymous_5)
FN:61,(anonymous_6)
FN:111,(anonymous_7)
FNF:3
FNH:0
FNDA:0,(anonymous_5)
FNDA:0,(anonymous_6)
FNDA:0,(anonymous_7)
DA:2,1
DA:3,1
DA:4,1
DA:10,1
DA:11,1
DA:13,1
DA:15,1
DA:20,0
DA:21,0
DA:22,0
DA:23,0
DA:24,0
DA:29,0
DA:31,0
DA:33,0
DA:40,0
DA:48,0
DA:50,0
DA:51,0
DA:56,0
DA:57,0
DA:61,1
DA:66,0
DA:67,0
DA:68,0
DA:69,0
DA:70,0
DA:75,0
DA:77,0
DA:78,0
DA:79,0
DA:82,0
DA:86,0
DA:87,0
DA:90,0
DA:98,0
DA:100,0
DA:101,0
DA:106,0
DA:107,0
DA:111,1
DA:116,0
DA:117,0
DA:118,0
DA:120,0
DA:121,0
LF:46
LH:9
BRDA:22,0,0,0
BRDA:22,0,1,0
BRDA:44,1,0,0
BRDA:44,1,1,0
BRDA:68,2,0,0
BRDA:68,2,1,0
BRDA:78,3,0,0
BRDA:78,3,1,0
BRDA:84,4,0,0
BRDA:84,4,1,0
BRDA:86,5,0,0
BRDA:86,5,1,0
BRDA:94,6,0,0
BRDA:94,6,1,0
BRF:14
BRH:0
end_of_record
TN:
SF:src\controllers\user.controllers.ts
FN:7,(anonymous_9)
FN:21,(anonymous_10)
FN:44,(anonymous_11)
FN:78,(anonymous_12)
FNF:4
FNH:0
FNDA:0,(anonymous_9)
FNDA:0,(anonymous_10)
FNDA:0,(anonymous_11)
FNDA:0,(anonymous_12)
DA:2,1
DA:3,1
DA:4,1
DA:5,1
DA:7,1
DA:12,0
DA:13,0
DA:14,0
DA:16,0
DA:17,0
DA:21,1
DA:26,0
DA:27,0
DA:28,0
DA:29,0
DA:32,0
DA:33,0
DA:34,0
DA:37,0
DA:39,0
DA:40,0
DA:44,1
DA:49,0
DA:50,0
DA:51,0
DA:52,0
DA:55,0
DA:56,0
DA:57,0
DA:58,0
DA:63,0
DA:64,0
DA:65,0
DA:68,0
DA:69,0
DA:73,0
DA:74,0
DA:78,1
DA:83,0
DA:84,0
DA:85,0
DA:86,0
DA:89,0
DA:90,0
DA:91,0
DA:94,0
DA:98,0
DA:99,0
LF:48
LH:8
BRDA:28,0,0,0
BRDA:28,0,1,0
BRDA:33,1,0,0
BRDA:33,1,1,0
BRDA:51,2,0,0
BRDA:51,2,1,0
BRDA:56,3,0,0
BRDA:56,3,1,0
BRDA:64,4,0,0
BRDA:64,4,1,0
BRDA:85,5,0,0
BRDA:85,5,1,0
BRDA:90,6,0,0
BRDA:90,6,1,0
BRF:14
BRH:0
end_of_record
TN:
SF:src\middleware\security.middleware.ts
FN:12,(anonymous_2)
FNF:1
FNH:1
FNDA:3,(anonymous_2)
DA:1,1
DA:2,1
DA:4,1
DA:12,1
DA:17,3
DA:18,3
DA:23,3
DA:25,0
DA:26,0
DA:27,0
DA:29,0
DA:30,0
DA:31,0
DA:33,3
DA:34,3
DA:37,3
DA:41,3
DA:43,3
DA:44,0
DA:47,0
DA:50,3
DA:51,0
DA:54,0
DA:57,3
DA:58,0
DA:61,0
DA:66,3
DA:68,0
DA:69,0
LF:29
LH:15
BRDA:23,0,0,0
BRDA:23,0,1,0
BRDA:23,0,2,3
BRDA:43,1,0,0
BRDA:43,1,1,3
BRDA:43,2,0,3
BRDA:43,2,1,0
BRDA:50,3,0,0
BRDA:50,3,1,3
BRDA:50,4,0,3
BRDA:50,4,1,0
BRDA:57,5,0,0
BRDA:57,5,1,3
BRDA:57,6,0,3
BRDA:57,6,1,0
BRF:15
BRH:7
end_of_record
TN:
SF:src\models\user.model.ts
FNF:0
FNH:0
DA:1,1
DA:3,1
LF:2
LH:2
BRF:0
BRH:0
end_of_record
TN:
SF:src\routes\auth.routes.ts
FNF:0
FNH:0
DA:1,1
DA:2,1
DA:4,1
DA:6,1
DA:7,1
DA:8,1
DA:10,1
LF:7
LH:7
BRF:0
BRH:0
end_of_record
TN:
SF:src\routes\user.routes.ts
FNF:0
FNH:0
DA:1,1
DA:7,1
DA:9,1
DA:11,1
DA:12,1
DA:13,1
DA:14,1
DA:16,1
LF:8
LH:8
BRF:0
BRH:0
end_of_record
TN:
SF:src\services\auth.service.ts
FN:7,(anonymous_6)
FN:18,(anonymous_7)
FN:31,(anonymous_8)
FN:47,(anonymous_9)
FNF:4
FNH:0
FNDA:0,(anonymous_6)
FNDA:0,(anonymous_7)
FNDA:0,(anonymous_8)
FNDA:0,(anonymous_9)
DA:1,1
DA:2,1
DA:3,1
DA:4,1
DA:5,1
DA:7,1
DA:8,0
DA:9,0
DA:10,0
DA:11,0
DA:13,0
DA:14,0
DA:18,1
DA:22,0
DA:23,0
DA:24,0
DA:26,0
DA:27,0
DA:31,1
DA:34,0
DA:35,0
DA:40,0
DA:42,0
DA:43,0
DA:47,1
DA:53,0
DA:54,0
DA:59,0
DA:60,0
DA:63,0
DA:78,0
DA:79,0
DA:81,0
DA:82,0
LF:34
LH:9
BRDA:59,0,0,0
BRDA:59,0,1,0
BRF:2
BRH:0
end_of_record
TN:
SF:src\services\user.services.ts
FN:6,(anonymous_6)
FN:26,(anonymous_7)
FN:48,(anonymous_8)
FN:73,(anonymous_9)
FNF:4
FNH:0
FNDA:0,(anonymous_6)
FNDA:0,(anonymous_7)
FNDA:0,(anonymous_8)
FNDA:0,(anonymous_9)
DA:1,1
DA:2,1
DA:3,1
DA:4,1
DA:6,1
DA:7,0
DA:8,0
DA:19,0
DA:21,0
DA:22,0
DA:26,1
DA:27,0
DA:28,0
DA:41,0
DA:43,0
DA:44,0
DA:48,1
DA:52,0
DA:53,0
DA:66,0
DA:68,0
DA:69,0
DA:73,1
DA:74,0
DA:75,0
DA:81,0
DA:83,0
DA:84,0
LF:28
LH:8
BRDA:41,0,0,0
BRDA:41,0,1,0
BRDA:66,1,0,0
BRDA:66,1,1,0
BRDA:81,2,0,0
BRDA:81,2,1,0
BRF:6
BRH:0
end_of_record
TN:
SF:src\utils\cookies.ts
FN:4,(anonymous_1)
FN:11,(anonymous_2)
FN:15,(anonymous_3)
FN:19,(anonymous_4)
FNF:4
FNH:0
FNDA:0,(anonymous_1)
FNDA:0,(anonymous_2)
FNDA:0,(anonymous_3)
FNDA:0,(anonymous_4)
DA:3,1
DA:4,0
DA:12,0
DA:16,0
DA:20,0
LF:5
LH:1
BRDA:11,0,0,0
BRF:1
BRH:0
end_of_record
TN:
SF:src\utils\format.ts
FN:1,(anonymous_1)
FN:6,(anonymous_2)
FNF:2
FNH:0
FNDA:0,(anonymous_1)
FNDA:0,(anonymous_2)
DA:1,1
DA:2,0
DA:4,0
DA:5,0
DA:7,0
DA:8,0
DA:13,0
LF:7
LH:1
BRDA:2,0,0,0
BRDA:2,0,1,0
BRDA:2,1,0,0
BRDA:2,1,1,0
BRDA:4,2,0,0
BRDA:4,2,1,0
BRF:6
BRH:0
end_of_record
TN:
SF:src\validations\auth.validation.ts
FNF:0
FNH:0
DA:1,1
DA:3,1
DA:13,1
LF:3
LH:3
BRF:0
BRH:0
end_of_record
TN:
SF:src\validations\user.validation.ts
FNF:0
FNH:0
DA:1,1
DA:3,1
LF:2
LH:2
BRF:0
BRH:0
end_of_record
